Removed Pin From Net: NetName=+5V Pin=C3-1
Removed Pin From Net: NetName=GND Pin=C3-2
Removed Pin From Net: NetName=GND Pin=U1-A11
Removed Pin From Net: NetName=GND Pin=U1-B11
Removed Pin From Net: NetName=GND Pin=U1-C11
Removed Pin From Net: NetName=GND Pin=U1-D11
Removed Pin From Net: NetName=+5V Pin=U1-H10
Change Component DesignItemId : Designator=C3 Old DesignItemId=Cap 4.7µF New DesignItemId=Cap 22µF
Change Component Footprint: Designator=C3 Old Footprint=0402 (C) New Footprint=0603 (C)
Change Component Comment : Designator=C3 Old Comment=Cap 4.7µF New Comment=Cap 22µF
Added Component: Designator=C8(0402 (C))
Added Component: Designator=C9(0201 (C))
Added Component: Designator=C10(0603 (C))
Added Component: Designator=C11(0201 (C))
Added Component: Designator=C12(0201 (C))
Added Component: Designator=C13(0201 (C))
Added Component: Designator=C14(0402 (C))
Added Component: Designator=C15(0201 (C))
Added Component: Designator=C16(0201 (C))
Added Component: Designator=C17(0201 (C))
Added Component: Designator=C18(0201 (C))
Added Component: Designator=C19(0201 (C))
Added Component: Designator=C20(0402 (C))
Added Component: Designator=L2(0603 (L))
Added Component: Designator=R1(0805 (R))
Added Pin To Net: NetName=GND Pin=C3-1
Added Pin To Net: NetName=GND Pin=C8-1
Added Pin To Net: NetName=GND Pin=C9-2
Added Pin To Net: NetName=GND Pin=C10-1
Added Pin To Net: NetName=GND Pin=C11-1
Added Pin To Net: NetName=GND Pin=C12-1
Added Pin To Net: NetName=GND Pin=C13-1
Added Pin To Net: NetName=GND Pin=C14-1
Added Pin To Net: NetName=+3.3V Pin=C14-2
Added Pin To Net: NetName=GND Pin=C15-2
Added Pin To Net: NetName=GND Pin=C16-1
Added Pin To Net: NetName=VBUS Pin=C16-2
Added Pin To Net: NetName=GND Pin=C17-1
Added Pin To Net: NetName=VBUS Pin=C17-2
Added Pin To Net: NetName=GND Pin=C18-1
Added Pin To Net: NetName=VBUS Pin=C18-2
Added Pin To Net: NetName=GND Pin=C19-1
Added Pin To Net: NetName=VBUS Pin=C19-2
Added Pin To Net: NetName=GND Pin=C20-1
Added Pin To Net: NetName=VBUS Pin=L2-1
Added Pin To Net: NetName=+3.3V Pin=U1-B1
Added Pin To Net: NetName=+3.3V Pin=U1-G1
Added Pin To Net: NetName=+1.8V Pin=C13-2
Added Pin To Net: NetName=+1.8V Pin=R1-1
Added Pin To Net: NetName=+1.8V Pin=U1-A2
Added Net: Name=+1.8V
Added Pin To Net: NetName=BAT +3.3V Pin=C8-2
Added Pin To Net: NetName=BAT +3.3V Pin=U1-H1
Added Net: Name=BAT +3.3V
Added Pin To Net: NetName=BAT +5V Pin=C3-2
Added Pin To Net: NetName=BAT +5V Pin=C9-1
Added Pin To Net: NetName=BAT +5V Pin=U1-A11
Added Pin To Net: NetName=BAT +5V Pin=U1-B11
Added Pin To Net: NetName=BAT +5V Pin=U1-C11
Added Pin To Net: NetName=BAT +5V Pin=U1-D11
Added Pin To Net: NetName=BAT +5V Pin=U1-H10
Added Net: Name=BAT +5V
Added Pin To Net: NetName=HV Pin=C10-2
Added Pin To Net: NetName=HV Pin=C11-2
Added Pin To Net: NetName=HV Pin=U1-A6
Added Pin To Net: NetName=HV Pin=U1-A7
Added Pin To Net: NetName=HV Pin=U1-A8
Added Pin To Net: NetName=HV Pin=U1-B7
Added Net: Name=HV
Added Pin To Net: NetName=NetC12_2 Pin=C12-2
Added Pin To Net: NetName=NetC12_2 Pin=U1-K1
Added Net: Name=NetC12_2
Added Pin To Net: NetName=NetC15_1 Pin=C15-1
Added Pin To Net: NetName=NetC15_1 Pin=U1-E1
Added Net: Name=NetC15_1
Added Pin To Net: NetName=NetC20_2 Pin=C20-2
Added Pin To Net: NetName=NetC20_2 Pin=L2-2
Added Pin To Net: NetName=NetC20_2 Pin=U1-H11
Added Pin To Net: NetName=NetC20_2 Pin=U1-J10
Added Pin To Net: NetName=NetC20_2 Pin=U1-J11
Added Pin To Net: NetName=NetC20_2 Pin=U1-K11
Added Net: Name=NetC20_2
Added Pin To Net: NetName=NetR1_2 Pin=R1-2
Added Pin To Net: NetName=NetR1_2 Pin=U1-F10
Added Net: Name=NetR1_2
Added Member To Class: ClassName=Main Member=Component C8 Cap 10µF
Added Member To Class: ClassName=Main Member=Component C9 Cap 100nF
Added Member To Class: ClassName=Main Member=Component C10 Cap 10µF
Added Member To Class: ClassName=Main Member=Component C11 Cap 100nF
Added Member To Class: ClassName=Main Member=Component C12 Cap 1µF
Added Member To Class: ClassName=Main Member=Component C13 Cap 1µF
Added Member To Class: ClassName=Main Member=Component C14 Cap 10µF
Added Member To Class: ClassName=Main Member=Component C15 Cap 1µF
Added Member To Class: ClassName=Main Member=Component C16 Cap 10nF
Added Member To Class: ClassName=Main Member=Component C17 Cap 10nF
Added Member To Class: ClassName=Main Member=Component C18 Cap 10nF
Added Member To Class: ClassName=Main Member=Component C19 Cap 10nF
Added Member To Class: ClassName=Main Member=Component C20 Cap 1µF
Added Member To Class: ClassName=Main Member=Component L2 FBMJ1608HS220NTR
Added Member To Class: ClassName=Main Member=Component R1 Res 100k
