Added Pin To Net: NetName=NetJ1_A8 Pin=J1-A8
Added Pin To Net: NetName=NetJ1_A8 Pin=U2-16
Added Net: Name=NetJ1_A8
Added Pin To Net: NetName=NetJ1_B6 Pin=J1-B6
Added Pin To Net: NetName=NetJ1_B6 Pin=U2-14
Added Net: Name=NetJ1_B6
Added Pin To Net: NetName=NetJ1_B7 Pin=J1-B7
Added Pin To Net: NetName=NetJ1_B7 Pin=U2-13
Added Net: Name=NetJ1_B7
Added Pin To Net: NetName=NetJ1_B8 Pin=J1-B8
Added Pin To Net: NetName=NetJ1_B8 Pin=U2-15
Added Net: Name=NetJ1_B8
Added Pin To Net: NetName=NetU1_K7 Pin=U1-K7
Added Pin To Net: NetName=NetU1_K7 Pin=U2-3
Added Net: Name=NetU1_K7
Added Pin To Net: NetName=NetU1_K8 Pin=U1-K8
Added Pin To Net: NetName=NetU1_K8 Pin=U2-1
Added Net: Name=NetU1_K8
Added Pin To Net: NetName=NetU1_L7 Pin=U1-L7
Added Pin To Net: NetName=NetU1_L7 Pin=U2-4
Added Net: Name=NetU1_L7
Added Pin To Net: NetName=NetU1_L8 Pin=U1-L8
Added Pin To Net: NetName=NetU1_L8 Pin=U2-2
Added Net: Name=NetU1_L8
