Added Component: Designator=C1(0201 (C))
Added Component: Designator=C2(0402 (C))
Added Component: Designator=C3(0201 (C))
Added Component: Designator=C4(0201 (C))
Added Component: Designator=C4(0201 (C))
Added Component: Designator=C5(0201 (C))
Added Component: Designator=C5(0201 (C))
Added Component: Designator=C6(0201 (C))
Added Component: Designator=C7(0201 (C))
Added Component: Designator=C8(0402 (C))
Added Component: Designator=C9(0201 (C))
Added Component: Designator=C10(0805 (C))
Added Component: Designator=C11(0201 (C))
Added Component: Designator=C12(0402 (C))
Added Component: Designator=C13(0402 (C))
Added Component: Designator=C15(0201 (C))
Added Component: Designator=C18(0402 (C))
Added Component: Designator=C19(0402 (C))
Added Component: Designator=D1(SOD123)
Added Component: Designator=IC1(QFN-32 (5x5mm))
Added Component: Designator=IC2(QFN-16 (4x4mm))
Added Component: Designator=IC3(QFN-24 (4x4mm))
Added Component: Designator=IC4(6-UMLP)
Added Component: Designator=IC5(SOT23)
Added Component: Designator=IC7(SOT-23-5)
Added Component: Designator=J1(Micro USB Receptacle)
Added Component: Designator=L1(Inductor 2x2.5mm)
Added Component: Designator=L2(Inductor 2x2.5mm)
Added Component: Designator=R1(0805 (R))
Added Component: Designator=R2(0805 (R))
Added Component: Designator=R3(0201 (R))
Added Component: Designator=R4(0201 (R))
Added Component: Designator=R5(0201 (R))
Added Component: Designator=R6(0201 (R))
Added Component: Designator=R7(0201 (R))
Added Component: Designator=R8(0201 (C))
Added Component: Designator=R9(0201 (C))
Added Component: Designator=R11(0201 (R))
Added Component: Designator=R12(0201 (R))
Added Component: Designator=R13(0201 (R))
Added Component: Designator=S1(Switch Through-Hole)
Added Pin To Net: NetName=+3.3V Pin=C4-1
Added Pin To Net: NetName=+3.3V Pin=C5-2
Added Pin To Net: NetName=+3.3V Pin=C15-1
Added Pin To Net: NetName=+3.3V Pin=IC1-17
Added Pin To Net: NetName=+3.3V Pin=IC1-32
Added Pin To Net: NetName=+3.3V Pin=IC5-2
Added Pin To Net: NetName=+3.3V Pin=R8-1
Added Pin To Net: NetName=+3.3V Pin=R9-1
Added Net: Name=+3.3V
Added Pin To Net: NetName=+5V Pin=C13-1
Added Pin To Net: NetName=+5V Pin=C18-1
Added Pin To Net: NetName=+5V Pin=IC4-2
Added Pin To Net: NetName=+5V Pin=IC4-3
Added Pin To Net: NetName=+5V Pin=IC5-1
Added Pin To Net: NetName=+5V Pin=IC7-4
Added Net: Name=+5V
Added Pin To Net: NetName=GND Pin=C1-2
Added Pin To Net: NetName=GND Pin=C2-2
Added Pin To Net: NetName=GND Pin=C3-2
Added Pin To Net: NetName=GND Pin=C4-2
Added Pin To Net: NetName=GND Pin=C4-2
Added Pin To Net: NetName=GND Pin=C5-1
Added Pin To Net: NetName=GND Pin=C5-2
Added Pin To Net: NetName=GND Pin=C6-2
Added Pin To Net: NetName=GND Pin=C7-1
Added Pin To Net: NetName=GND Pin=C8-1
Added Pin To Net: NetName=GND Pin=C10-2
Added Pin To Net: NetName=GND Pin=C11-2
Added Pin To Net: NetName=GND Pin=C12-2
Added Pin To Net: NetName=GND Pin=C13-2
Added Pin To Net: NetName=GND Pin=C15-2
Added Pin To Net: NetName=GND Pin=C18-2
Added Pin To Net: NetName=GND Pin=C19-2
Added Pin To Net: NetName=GND Pin=IC1-0
Added Pin To Net: NetName=GND Pin=IC1-1
Added Pin To Net: NetName=GND Pin=IC1-18
Added Pin To Net: NetName=GND Pin=IC2-3
Added Pin To Net: NetName=GND Pin=IC2-13
Added Pin To Net: NetName=GND Pin=IC2-17
Added Pin To Net: NetName=GND Pin=IC3-4
Added Pin To Net: NetName=GND Pin=IC3-4
Added Pin To Net: NetName=GND Pin=IC3-15
Added Pin To Net: NetName=GND Pin=IC3-16
Added Pin To Net: NetName=GND Pin=IC3-22
Added Pin To Net: NetName=GND Pin=IC3-23
Added Pin To Net: NetName=GND Pin=IC4-1
Added Pin To Net: NetName=GND Pin=IC4-1
Added Pin To Net: NetName=GND Pin=IC5-3
Added Pin To Net: NetName=GND Pin=IC7-2
Added Pin To Net: NetName=GND Pin=J1-5
Added Pin To Net: NetName=GND Pin=R3-1
Added Pin To Net: NetName=GND Pin=R4-1
Added Pin To Net: NetName=GND Pin=R6-1
Added Pin To Net: NetName=GND Pin=R11-1
Added Pin To Net: NetName=GND Pin=R12-2
Added Net: Name=GND
Added Pin To Net: NetName=NetC3_1 Pin=C3-1
Added Pin To Net: NetName=NetC3_1 Pin=J1-2
Added Pin To Net: NetName=NetC3_1 Pin=R1-1
Added Net: Name=NetC3_1
Added Pin To Net: NetName=NetC4_1 Pin=C4-1
Added Pin To Net: NetName=NetC4_1 Pin=J1-3
Added Pin To Net: NetName=NetC4_1 Pin=R2-1
Added Net: Name=NetC4_1
Added Pin To Net: NetName=NetC5_1 Pin=C5-1
Added Pin To Net: NetName=NetC5_1 Pin=IC2-1
Added Pin To Net: NetName=NetC5_1 Pin=IC2-8
Added Pin To Net: NetName=NetC5_1 Pin=IC2-9
Added Net: Name=NetC5_1
Added Pin To Net: NetName=NetC6_1 Pin=C6-1
Added Pin To Net: NetName=NetC6_1 Pin=IC3-1
Added Pin To Net: NetName=NetC6_1 Pin=IC3-2
Added Pin To Net: NetName=NetC6_1 Pin=IC3-3
Added Pin To Net: NetName=NetC6_1 Pin=IC3-24
Added Net: Name=NetC6_1
Added Pin To Net: NetName=NetC7_2 Pin=C7-2
Added Pin To Net: NetName=NetC7_2 Pin=IC3-20
Added Net: Name=NetC7_2
Added Pin To Net: NetName=NetC9_1 Pin=C9-1
Added Pin To Net: NetName=NetC9_1 Pin=IC3-21
Added Net: Name=NetC9_1
Added Pin To Net: NetName=NetC9_2 Pin=C9-2
Added Pin To Net: NetName=NetC9_2 Pin=IC3-17
Added Pin To Net: NetName=NetC9_2 Pin=IC3-18
Added Pin To Net: NetName=NetC9_2 Pin=L1-1
Added Net: Name=NetC9_2
Added Pin To Net: NetName=NetD1_A Pin=D1-A
Added Pin To Net: NetName=NetD1_A Pin=S1-4
Added Net: Name=NetD1_A
Added Pin To Net: NetName=NetIC1_13 Pin=IC1-13
Added Pin To Net: NetName=NetIC1_13 Pin=IC2-2
Added Net: Name=NetIC1_13
Added Pin To Net: NetName=NetIC1_14 Pin=IC1-14
Added Pin To Net: NetName=NetIC1_14 Pin=IC2-15
Added Net: Name=NetIC1_14
Added Pin To Net: NetName=NetIC1_15 Pin=IC1-15
Added Pin To Net: NetName=NetIC1_15 Pin=IC3-6
Added Pin To Net: NetName=NetIC1_15 Pin=R9-2
Added Net: Name=NetIC1_15
Added Pin To Net: NetName=NetIC1_16 Pin=IC1-16
Added Pin To Net: NetName=NetIC1_16 Pin=IC3-5
Added Pin To Net: NetName=NetIC1_16 Pin=R8-2
Added Net: Name=NetIC1_16
Added Pin To Net: NetName=NetIC2_5 Pin=IC2-5
Added Net: Name=NetIC2_5
Added Pin To Net: NetName=NetIC2_6 Pin=IC2-6
Added Pin To Net: NetName=NetIC2_6 Pin=R2-2
Added Net: Name=NetIC2_6
Added Pin To Net: NetName=NetIC2_7 Pin=IC2-7
Added Pin To Net: NetName=NetIC2_7 Pin=R1-2
Added Net: Name=NetIC2_7
Added Pin To Net: NetName=NetIC2_12 Pin=IC2-12
Added Pin To Net: NetName=NetIC2_12 Pin=R3-2
Added Net: Name=NetIC2_12
Added Pin To Net: NetName=NetIC2_14 Pin=IC2-14
Added Net: Name=NetIC2_14
Added Pin To Net: NetName=NetIC3_8 Pin=IC3-8
Added Net: Name=NetIC3_8
Added Pin To Net: NetName=NetIC4_5 Pin=IC4-5
Added Pin To Net: NetName=NetIC4_5 Pin=L2-1
Added Net: Name=NetIC4_5
Added Pin To Net: NetName=NetIC7_1 Pin=IC7-1
Added Net: Name=NetIC7_1
Added Pin To Net: NetName=NetIC7_5 Pin=IC7-5
Added Pin To Net: NetName=NetIC7_5 Pin=R11-2
Added Net: Name=NetIC7_5
Added Pin To Net: NetName=NetR4_2 Pin=R4-2
Added Pin To Net: NetName=NetR4_2 Pin=R5-1
Added Net: Name=NetR4_2
Added Pin To Net: NetName=NetR6_2 Pin=R6-2
Added Pin To Net: NetName=NetR6_2 Pin=S1-3
Added Net: Name=NetR6_2
Added Pin To Net: NetName=NetR7_1 Pin=R7-1
Added Pin To Net: NetName=NetR7_1 Pin=S1-L2
Added Net: Name=NetR7_1
Added Pin To Net: NetName=NetR7_2 Pin=R7-2
Added Net: Name=NetR7_2
Added Pin To Net: NetName=NetR12_1 Pin=R12-1
Added Pin To Net: NetName=NetR12_1 Pin=R13-1
Added Net: Name=NetR12_1
Added Pin To Net: NetName=NetS1_L1 Pin=S1-L1
Added Net: Name=NetS1_L1
Added Pin To Net: NetName=PDI_CLK Pin=IC1-8
Added Net: Name=PDI_CLK
Added Pin To Net: NetName=PDI_DATA Pin=IC1-7
Added Net: Name=PDI_DATA
Added Pin To Net: NetName=V_BAT Pin=C11-1
Added Pin To Net: NetName=V_BAT Pin=IC3-11
Added Pin To Net: NetName=V_BAT Pin=IC3-12
Added Pin To Net: NetName=V_BAT Pin=R5-2
Added Pin To Net: NetName=V_BAT Pin=S1-2
Added Net: Name=V_BAT
Added Pin To Net: NetName=V_DEVICE Pin=C19-1
Added Pin To Net: NetName=V_DEVICE Pin=IC7-3
Added Pin To Net: NetName=V_DEVICE Pin=R13-2
Added Net: Name=V_DEVICE
Added Pin To Net: NetName=V_SYS Pin=C10-1
Added Pin To Net: NetName=V_SYS Pin=C12-1
Added Pin To Net: NetName=V_SYS Pin=D1-K
Added Pin To Net: NetName=V_SYS Pin=IC3-13
Added Pin To Net: NetName=V_SYS Pin=IC3-14
Added Pin To Net: NetName=V_SYS Pin=IC4-4
Added Pin To Net: NetName=V_SYS Pin=IC4-6
Added Pin To Net: NetName=V_SYS Pin=L1-2
Added Pin To Net: NetName=V_SYS Pin=L2-2
Added Net: Name=V_SYS
Added Pin To Net: NetName=V_USB Pin=C1-1
Added Pin To Net: NetName=V_USB Pin=C2-1
Added Pin To Net: NetName=V_USB Pin=C8-2
Added Pin To Net: NetName=V_USB Pin=IC2-10
Added Pin To Net: NetName=V_USB Pin=IC2-11
Added Pin To Net: NetName=V_USB Pin=IC3-19
Added Pin To Net: NetName=V_USB Pin=J1-1
Added Net: Name=V_USB
Added Class: Name=Base
