Change Component Designator: OldDesignator=IC1 NewDesignator=U1
Change Component Designator: OldDesignator=IC2 NewDesignator=U2
Change Component Designator: OldDesignator=IC3 NewDesignator=U3
Change Component Designator: OldDesignator=IC4 NewDesignator=U4
Change Net Name : Old Net Name=NetIC1_6 New Net Name=NetS1_2
Change Net Name : Old Net Name=NetIC1_9 New Net Name=NetR3_1
Change Net Name : Old Net Name=NetIC1_10 New Net Name=NetR4_2
Change Net Name : Old Net Name=NetIC1_11 New Net Name=NetR1_1
Change Net Name : Old Net Name=NetIC1_12 New Net Name=NetR2_2
Change Net Name : Old Net Name=NetIC1_14 New Net Name=NetU1_14
Change Net Name : Old Net Name=NetIC1_15 New Net Name=NetR10_2
Change Net Name : Old Net Name=NetIC1_16 New Net Name=NetR9_2
Change Net Name : Old Net Name=NetIC1_22 New Net Name=NetU1_22
Change Net Name : Old Net Name=NetIC1_27 New Net Name=NetR7_2
Change Net Name : Old Net Name=NetIC1_28 New Net Name=NetR8_2
Change Net Name : Old Net Name=NetIC3_2 New Net Name=NetU3_2
Change Net Name : Old Net Name=NetIC3_3 New Net Name=NetU3_3
Change Net Name : Old Net Name=NetIC3_7 New Net Name=NetU3_7
Change Net Name : Old Net Name=NetIC3_16 New Net Name=NetR5_1
Change Net Name : Old Net Name=NetIC3_31 New Net Name=NetL1_2
