Removed Pin From Net: NetName=BAT+ Pin=C7-1
Removed Pin From Net: NetName=GND Pin=IC1-0
Removed Pin From Net: NetName=NetIC1_15 Pin=R2-2
Added Component: Designator=C?(0201 (C))
Added Component: Designator=IC4(UDFN-8 (3x2mm))
Added Pin To Net: NetName=BAT+ Pin=C7-1
Added Pin To Net: NetName=VCC Pin=C?-1
Added Pin To Net: NetName=GND Pin=C?-2
Added Pin To Net: NetName=GND Pin=IC4-1
Added Pin To Net: NetName=GND Pin=IC4-2
Added Pin To Net: NetName=GND Pin=IC4-3
Added Pin To Net: NetName=GND Pin=IC4-4
Added Pin To Net: NetName=NetIC1_28 Pin=IC4-5
Added Pin To Net: NetName=NetIC1_27 Pin=IC4-6
Added Pin To Net: NetName=GND Pin=IC4-7
Added Pin To Net: NetName=VCC Pin=IC4-8
Added Pin To Net: NetName=NetIC1_15 Pin=R2-2
Added Pin To Net: NetName=NetIC1_27 Pin=R2-2
Added Pin To Net: NetName=NetIC1_16 Pin=R3-2
Added Pin To Net: NetName=BAT- Pin=V1-2
Added Member To Class: ClassName=S1 Member=Component C? Cap 100nF
Added Member To Class: ClassName=S1 Member=Component IC4 AT24C512C
