Removed Pin From Net: NetName=GND Pin=C1-2
Removed Pin From Net: NetName=GND Pin=C4-2
Removed Pin From Net: NetName=GND Pin=C6-2
Removed Pin From Net: NetName=BAT+ Pin=C7-1
Removed Pin From Net: NetName=GND Pin=C8-1
Removed Pin From Net: NetName=NetIC1_16 Pin=R3-2
Removed Member From Class: ClassName=S1 Member=C?
Removed Member From Class: ClassName=S1 Member=R11
Change Component Footprint: Designator=C2 Old Footprint=0402 (C) New Footprint=0201 (C)
Change Component Footprint: Designator=C3 Old Footprint=0402 (C) New Footprint=0201 (C)
Change Component Footprint: Designator=C5 Old Footprint=0805 (C) New Footprint=0201 (C)
Change Component Footprint: Designator=C6 Old Footprint=0805 (C) New Footprint=0201 (C)
Change Component Footprint: Designator=C7 Old Footprint=0805 (C) New Footprint=0201 (C)
Change Component Footprint: Designator=C8 Old Footprint=0805 (C) New Footprint=0201 (C)
Change Component Designator: OldDesignator=C1 NewDesignator=C4
Change Component Designator: OldDesignator=C1 NewDesignator=C5
Change Component Designator: OldDesignator=C2 NewDesignator=C11
Change Component Designator: OldDesignator=C3 NewDesignator=C6
Change Component Designator: OldDesignator=C3 NewDesignator=C12
Change Component Designator: OldDesignator=C5 NewDesignator=C3
Change Component Designator: OldDesignator=C5 NewDesignator=C7
Change Component Designator: OldDesignator=C6 NewDesignator=C8
Change Component Designator: OldDesignator=C7 NewDesignator=C1
Change Component Designator: OldDesignator=C7 NewDesignator=C20
Change Component Designator: OldDesignator=C8 NewDesignator=C2
Change Component Designator: OldDesignator=C9 NewDesignator=C16
Change Component Designator: OldDesignator=C? NewDesignator=C9
Change Component Designator: OldDesignator=R2 NewDesignator=R3
Change Component Designator: OldDesignator=R2 NewDesignator=R6
Change Component Designator: OldDesignator=R3 NewDesignator=R4
Change Component Designator: OldDesignator=R3 NewDesignator=R5
Change Component Designator: OldDesignator=R10 NewDesignator=R1
Change Component Designator: OldDesignator=R11 NewDesignator=R2
Change Component Designator: OldDesignator=V1 NewDesignator=V5
Added Component: Designator=C10(0201 (C))
Added Component: Designator=C13(0201 (C))
Added Component: Designator=C14(0201 (C))
Added Component: Designator=C15(0402 (C))
Added Component: Designator=C17(0201 (C))
Added Component: Designator=C18(0805 (C))
Added Component: Designator=C19(0201 (C))
Added Component: Designator=C21(0402 (C))
Added Component: Designator=FB1(0402 (R))
Added Pin To Net: NetName=BAT+ Pin=C1-1
Added Pin To Net: NetName=GND Pin=C10-2
Added Pin To Net: NetName=GND Pin=C13-1
Added Pin To Net: NetName=GND Pin=C14-2
Added Pin To Net: NetName=GND Pin=C15-1
Added Pin To Net: NetName=BAT+ Pin=C15-2
Added Pin To Net: NetName=BAT+ Pin=C16-2
Added Pin To Net: NetName=GND Pin=C17-1
Added Pin To Net: NetName=GND Pin=C18-1
Added Pin To Net: NetName=BAT+ Pin=C18-2
Added Pin To Net: NetName=GND Pin=C19-1
Added Pin To Net: NetName=VCC Pin=C21-1
Added Pin To Net: NetName=GND Pin=C21-2
Added Pin To Net: NetName=BAT+ Pin=FB1-2
Added Pin To Net: NetName=VCC Pin=IC3-21
Added Pin To Net: NetName=BAT+ Pin=IC3-32
Added Pin To Net: NetName=NetIC1_28 Pin=R4-2
Added Pin To Net: NetName=NetIC1_16 Pin=R5-2
Added Pin To Net: NetName=NetIC1_15 Pin=R6-2
Added Pin To Net: NetName=BAT- Pin=V1-2
Change Net Name : Old Net Name=NetC2_2 New Net Name=NetC11_2
Change Net Name : Old Net Name=NetC3_1 New Net Name=NetC12_1
Change Net Name : Old Net Name=NetC5_1 New Net Name=NetC3_1
Change Net Name : Old Net Name=NetC5_2 New Net Name=NetC7_2
Change Net Name : Old Net Name=NetC6_1 New Net Name=NetC8_1
Change Net Name : Old Net Name=NetR10_1 New Net Name=NetR1_1
Added Pin To Net: NetName=NetC10_1 Pin=C10-1
Added Pin To Net: NetName=NetC10_1 Pin=IC3-8
Added Net: Name=NetC10_1
Added Pin To Net: NetName=NetC17_2 Pin=C17-2
Added Pin To Net: NetName=NetC17_2 Pin=FB1-1
Added Pin To Net: NetName=NetC17_2 Pin=IC3-1
Added Net: Name=NetC17_2
Added Pin To Net: NetName=NetC19_2 Pin=C19-2
Added Pin To Net: NetName=NetC19_2 Pin=C20-1
Added Pin To Net: NetName=NetC19_2 Pin=IC3-6
Added Pin To Net: NetName=NetC19_2 Pin=L1-1
Added Net: Name=NetC19_2
Added Pin To Net: NetName=VDD_CORE Pin=C13-2
Added Pin To Net: NetName=VDD_CORE Pin=C14-1
Added Pin To Net: NetName=VDD_CORE Pin=IC3-5
Added Pin To Net: NetName=VDD_CORE Pin=IC3-30
Added Net: Name=VDD_CORE
Added Member To Class: ClassName=S1 Member=Component C10 Cap 470nF
Added Member To Class: ClassName=S1 Member=Component C11 Cap 15pF
Added Member To Class: ClassName=S1 Member=Component C12 Cap 8.2pF
Added Member To Class: ClassName=S1 Member=Component C13 Cap 470nF
Added Member To Class: ClassName=S1 Member=Component C14 Cap 150nF
Added Member To Class: ClassName=S1 Member=Component C15 Cap 47nF
Added Member To Class: ClassName=S1 Member=Component C16 Cap 2.2µF
Added Member To Class: ClassName=S1 Member=Component C17 Cap 33pF
Added Member To Class: ClassName=S1 Member=Component C18 Cap 47µF
Added Member To Class: ClassName=S1 Member=Component C19 Cap 470nF
Added Member To Class: ClassName=S1 Member=Component C20 Cap 2.2µF
Added Member To Class: ClassName=S1 Member=Component C21 Cap 47nF
Added Member To Class: ClassName=S1 Member=Component FB1 MMZ1005Y152C
Added Member To Class: ClassName=S1 Member=Component R4 Res 4k7
Added Member To Class: ClassName=S1 Member=Component R5 Res 4k7
Added Member To Class: ClassName=S1 Member=Component R6 Res 4k7
Added Member To Class: ClassName=S1 Member=Component V5 DMG2302U
