Removed Pin From Net: NetName=NetIC2_24 Pin=R3-2
Removed Pin From Net: NetName=GND Pin=T1-2
Removed Pin From Net: NetName=GND Pin=T2-2
Removed Pin From Net: NetName=GND Pin=T3-2
Removed Pin From Net: NetName=GND Pin=T4-2
Removed Member From Class: ClassName=S1 Member=R4
Removed Member From Class: ClassName=S1 Member=T1
Removed Member From Class: ClassName=S1 Member=T2
Removed Member From Class: ClassName=S1 Member=T3
Removed Member From Class: ClassName=S1 Member=T4
Added Component: Designator=Q1(SOT23)
Added Component: Designator=Q2(SOT23)
Added Component: Designator=Q3(SOT23)
Added Component: Designator=Q4(SOT23)
Added Component: Designator=Q5(SOT523)
Added Pin To Net: NetName=GND Pin=Q1-2
Added Pin To Net: NetName=GND Pin=Q2-2
Added Pin To Net: NetName=GND Pin=Q3-2
Added Pin To Net: NetName=GND Pin=Q4-2
Added Pin To Net: NetName=NetIC1_28 Pin=R2-2
Added Pin To Net: NetName=NetIC2_23 Pin=R2-2
Added Pin To Net: NetName=VCC Pin=R3-1
Added Pin To Net: NetName=NetIC1_29 Pin=R3-2
Added Pin To Net: NetName=NetIC2_24 Pin=R3-2
Added Pin To Net: NetName=NetQ1_1 Pin=Q1-1
Added Net: Name=NetQ1_1
Added Pin To Net: NetName=NetQ1_3 Pin=Q1-3
Added Net: Name=NetQ1_3
Added Pin To Net: NetName=NetQ2_1 Pin=Q2-1
Added Net: Name=NetQ2_1
Added Pin To Net: NetName=NetQ2_3 Pin=Q2-3
Added Net: Name=NetQ2_3
Added Pin To Net: NetName=NetQ3_1 Pin=Q3-1
Added Net: Name=NetQ3_1
Added Pin To Net: NetName=NetQ3_3 Pin=Q3-3
Added Net: Name=NetQ3_3
Added Pin To Net: NetName=NetQ4_1 Pin=Q4-1
Added Net: Name=NetQ4_1
Added Pin To Net: NetName=NetQ4_3 Pin=Q4-3
Added Net: Name=NetQ4_3
Added Member To Class: ClassName=S1 Member=Component Q1 DMG2302U
Added Member To Class: ClassName=S1 Member=Component Q2 DMG2302U
Added Member To Class: ClassName=S1 Member=Component Q3 DMG2302U
Added Member To Class: ClassName=S1 Member=Component Q4 DMG2302U
Added Member To Class: ClassName=S1 Member=Component Q5 DMG1013T
Added Member To Class: ClassName=S1 Member=Component R2 Res 4k7
Added Member To Class: ClassName=S1 Member=Component R3 Res 4k7
